Arguments: 
  /usr/local/bin/node /usr/local/bin/yarn add -D http-proxy-middleware

PATH: 
  /usr/local/sbin:/usr/local/bin:/usr/local/sbin:/usr/local/bin:/usr/local/sbin:/usr/local/bin:/Users/zhenglinxionggg/.deno/bin:/usr/local/sbin:/usr/local/bin:/usr/local/sbin:/usr/local/bin:/usr/local/sbin:/usr/local/bin:/usr/local/sbin:/usr/local/bin:/usr/local/sbin:/usr/local/bin:/usr/local/sbin:/usr/local/bin:/usr/local/bin:/usr/bin:/bin:/usr/sbin:/sbin:/usr/local/go/bin:/Library/Frameworks/Mono.framework/Versions/Current/Commands:/usr/local/sbin:/Users/zhenglinxionggg/.deno/bin:/Users/zhenglinxionggg/.cargo/bin:/Library/Frameworks/Mono.framework/Versions/6.12.0/bin:/Users/zhenglinxionggg/arcanist/bin:/Library/Frameworks/Mono.framework/Versions/6.12.0/bin:/Users/zhenglinxionggg/arcanist/bin:/Library/Frameworks/Mono.framework/Versions/6.12.0/bin:/Library/Frameworks/Mono.framework/Versions/6.12.0/bin

Yarn version: 
  1.22.10

Node version: 
  15.4.0

Platform: 
  darwin x64

Trace: 
  Error: https://tech-npm.tezign.com/antd: ETIMEDOUT
      at Timeout._onTimeout (/usr/local/lib/node_modules/yarn/lib/cli.js:141322:19)
      at listOnTimeout (node:internal/timers:556:17)
      at processTimers (node:internal/timers:499:7)

npm manifest: 
  {
    "name": "vite-project",
    "version": "0.0.0",
    "scripts": {
      "dev": "vite",
      "build": "tsc && vite build",
      "serve": "vite preview"
    },
    "dependencies": {
      "antd": "^4.16.12",
      "isomorphic-fetch": "^3.0.0",
      "js-cookie": "^3.0.0",
      "lodash": "^4.17.21",
      "react": "^17.0.0",
      "react-dom": "^17.0.0",
      "xlsx": "^0.17.0"
    },
    "devDependencies": {
      "@types/isomorphic-fetch": "^0.0.35",
      "@types/js-cookie": "^2.2.7",
      "@types/lodash": "^4.14.172",
      "@types/react": "^17.0.0",
      "@types/react-dom": "^17.0.0",
      "@vitejs/plugin-react-refresh": "^1.3.1",
      "less": "^4.1.1",
      "less-loader": "^10.0.1",
      "typescript": "^4.3.2",
      "vite": "^2.4.4",
      "vite-plugin-imp": "^2.0.7"
    }
  }

yarn manifest: 
  No manifest

Lockfile: 
  No lockfile
